have processed 0 lines
have processed 100000 lines
have processed 200000 lines
have processed 300000 lines
have processed 400000 lines
have processed 500000 lines
have processed 600000 lines
have processed 700000 lines
have processed 800000 lines
have processed 900000 lines
have processed 1000000 lines
have processed 1100000 lines
have processed 1200000 lines
have processed 1300000 lines
have processed 1400000 lines
have processed 1500000 lines
have processed 1600000 lines
have processed 1700000 lines
have processed 1800000 lines
have processed 1900000 lines
have processed 2000000 lines
have processed 2100000 lines
have processed 2200000 lines
have processed 2300000 lines
have processed 2400000 lines
have processed 2500000 lines
have processed 2600000 lines
have processed 2700000 lines
have processed 2800000 lines
have processed 2900000 lines
have processed 3000000 lines
have processed 3100000 lines
have processed 3200000 lines
have processed 3300000 lines
have processed 3400000 lines
have processed 3500000 lines
have processed 3600000 lines
have processed 3700000 lines
have processed 3800000 lines
have processed 3900000 lines
have processed 4000000 lines
have processed 4100000 lines
have processed 4200000 lines
have processed 4300000 lines
have processed 4400000 lines
have processed 4500000 lines
have processed 4600000 lines
have processed 4700000 lines
have processed 4800000 lines
have processed 4900000 lines
have processed 5000000 lines
have processed 5100000 lines
have processed 5200000 lines
have processed 5300000 lines
have processed 5400000 lines
have processed 5500000 lines
have processed 5600000 lines
have processed 5700000 lines
have processed 5800000 lines
have processed 5900000 lines
have processed 6000000 lines
have processed 6100000 lines
have processed 6200000 lines
have processed 6300000 lines
have processed 6400000 lines
have processed 6500000 lines
have processed 6600000 lines
have processed 6700000 lines
have processed 6800000 lines
have processed 6900000 lines
have processed 7000000 lines
have processed 7100000 lines
have processed 7200000 lines
have processed 7300000 lines
have processed 7400000 lines
have processed 7500000 lines
have processed 7600000 lines
have processed 7700000 lines
have processed 7800000 lines
have processed 7900000 lines
have processed 8000000 lines
have processed 8100000 lines
have processed 8200000 lines
have processed 8300000 lines
have processed 8400000 lines
have processed 8500000 lines
have processed 8600000 lines
have processed 8700000 lines
have processed 8800000 lines
have processed 8900000 lines
have processed 9000000 lines
have processed 9100000 lines
have processed 9200000 lines
have processed 9300000 lines
have processed 9400000 lines
have processed 9500000 lines
have processed 9600000 lines
have processed 9700000 lines
have processed 9800000 lines
have processed 9900000 lines
have processed 10000000 lines
have processed 10100000 lines
have processed 10200000 lines
have processed 10300000 lines
have processed 10400000 lines
have processed 10500000 lines
Traceback (most recent call last):
  File "vocab.py", line 35, in <module>
    generate_vocab('./clean.data', './vocab')
  File "vocab.py", line 12, in generate_vocab
    counter.update(post)
  File "/usr/lib64/python2.7/collections.py", line 516, in update
    if isinstance(iterable, Mapping):
  File "/usr/lib64/python2.7/abc.py", line 132, in __instancecheck__
    if subclass is not None and subclass in cls._abc_cache:
  File "/usr/lib64/python2.7/_weakrefset.py", line 73, in __contains__
    return wr in self.data
KeyboardInterrupt
have processed 0 lines
have processed 100000 lines
have processed 200000 lines
have processed 300000 lines
have processed 400000 lines
have processed 500000 lines
have processed 600000 lines
have processed 700000 lines
have processed 800000 lines
have processed 900000 lines
have processed 1000000 lines
have processed 1100000 lines
have processed 1200000 lines
have processed 1300000 lines
have processed 1400000 lines
have processed 1500000 lines
have processed 1600000 lines
have processed 1700000 lines
have processed 1800000 lines
have processed 1900000 lines
have processed 2000000 lines
have processed 2100000 lines
have processed 2200000 lines
have processed 2300000 lines
have processed 2400000 lines
have processed 2500000 lines
have processed 2600000 lines
have processed 2700000 lines
have processed 2800000 lines
have processed 2900000 lines
have processed 3000000 lines
have processed 3100000 lines
have processed 3200000 lines
have processed 3300000 lines
have processed 3400000 lines
have processed 3500000 lines
have processed 3600000 lines
have processed 3700000 lines
have processed 3800000 lines
have processed 3900000 lines
have processed 4000000 lines
have processed 4100000 lines
have processed 4200000 lines
have processed 4300000 lines
have processed 4400000 lines
have processed 4500000 lines
have processed 4600000 lines
have processed 4700000 lines
have processed 4800000 lines
have processed 4900000 lines
have processed 5000000 lines
have processed 5100000 lines
have processed 5200000 lines
have processed 5300000 lines
have processed 5400000 lines
have processed 5500000 lines
have processed 5600000 lines
have processed 5700000 lines
have processed 5800000 lines
have processed 5900000 lines
have processed 6000000 lines
have processed 6100000 lines
have processed 6200000 lines
have processed 6300000 lines
have processed 6400000 lines
have processed 6500000 lines
have processed 6600000 lines
have processed 6700000 lines
have processed 6800000 lines
have processed 6900000 lines
have processed 7000000 lines
have processed 7100000 lines
have processed 7200000 lines
have processed 7300000 lines
have processed 7400000 lines
have processed 7500000 lines
have processed 7600000 lines
have processed 7700000 lines
have processed 7800000 lines
have processed 7900000 lines
have processed 8000000 lines
have processed 8100000 lines
have processed 8200000 lines
have processed 8300000 lines
have processed 8400000 lines
have processed 8500000 lines
have processed 8600000 lines
have processed 8700000 lines
have processed 8800000 lines
have processed 8900000 lines
have processed 9000000 lines
have processed 9100000 lines
have processed 9200000 lines
have processed 9300000 lines
have processed 9400000 lines
have processed 9500000 lines
have processed 9600000 lines
have processed 9700000 lines
have processed 9800000 lines
have processed 9900000 lines
have processed 10000000 lines
have processed 10100000 lines
have processed 10200000 lines
have processed 10300000 lines
have processed 10400000 lines
have processed 10500000 lines
have processed 10600000 lines
have processed 10700000 lines
have processed 10800000 lines
have processed 10900000 lines
have processed 11000000 lines
have processed 11100000 lines
have processed 11200000 lines
have processed 11300000 lines
have processed 11400000 lines
have processed 11500000 lines
have processed 11600000 lines
have processed 11700000 lines
have processed 11800000 lines
have processed 11900000 lines
have processed 12000000 lines
have processed 12100000 lines
have processed 12200000 lines
have processed 12300000 lines
have processed 12400000 lines
have processed 12500000 lines
have processed 12600000 lines
have processed 12700000 lines
have processed 12800000 lines
have processed 12900000 lines
have processed 13000000 lines
have processed 13100000 lines
have processed 13200000 lines
have processed 13300000 lines
have processed 13400000 lines
have processed 13500000 lines
have processed 13600000 lines
have processed 13700000 lines
have processed 13800000 lines
have processed 13900000 lines
have processed 14000000 lines
have processed 14100000 lines
have processed 14200000 lines
have processed 14300000 lines
have processed 14400000 lines
have processed 14500000 lines
have processed 14600000 lines
have processed 14700000 lines
total lines: 14719999
